c:\users\vanez\onedrive\desktop\vanessa school\cs 330\cs330content\cs330content\projects\5-2_assignment\5-2_assignment\debug\vc143.pdb
c:\users\vanez\onedrive\desktop\vanessa school\cs 330\cs330content\cs330content\projects\5-2_assignment\5-2_assignment\debug\vc143.idb
c:\users\vanez\onedrive\desktop\vanessa school\cs 330\cs330content\cs330content\projects\5-2_assignment\5-2_assignment\debug\viewmanager.obj
c:\users\vanez\onedrive\desktop\vanessa school\cs 330\cs330content\cs330content\projects\5-2_assignment\5-2_assignment\debug\scenemanager.obj
c:\users\vanez\onedrive\desktop\vanessa school\cs 330\cs330content\cs330content\projects\5-2_assignment\5-2_assignment\debug\maincode.obj
c:\users\vanez\onedrive\desktop\vanessa school\cs 330\cs330content\cs330content\projects\5-2_assignment\5-2_assignment\debug\shadermanager.obj
c:\users\vanez\onedrive\desktop\vanessa school\cs 330\cs330content\cs330content\projects\5-2_assignment\5-2_assignment\debug\shapemeshes.obj
c:\users\vanez\onedrive\desktop\vanessa school\cs 330\cs330content\cs330content\projects\5-2_assignment\5-2_assignment\debug\5-2_assignment.ilk
c:\users\vanez\onedrive\desktop\vanessa school\cs 330\cs330content\cs330content\projects\5-2_assignment\debug\5-2_assignment.pdb
c:\users\vanez\onedrive\desktop\vanessa school\cs 330\cs330content\cs330content\projects\5-2_assignment\5-2_assignment\debug\5-2_assignment.tlog\cl.command.1.tlog
c:\users\vanez\onedrive\desktop\vanessa school\cs 330\cs330content\cs330content\projects\5-2_assignment\5-2_assignment\debug\5-2_assignment.tlog\cl.items.tlog
c:\users\vanez\onedrive\desktop\vanessa school\cs 330\cs330content\cs330content\projects\5-2_assignment\5-2_assignment\debug\5-2_assignment.tlog\cl.read.1.tlog
c:\users\vanez\onedrive\desktop\vanessa school\cs 330\cs330content\cs330content\projects\5-2_assignment\5-2_assignment\debug\5-2_assignment.tlog\cl.write.1.tlog
c:\users\vanez\onedrive\desktop\vanessa school\cs 330\cs330content\cs330content\projects\5-2_assignment\5-2_assignment\debug\5-2_assignment.tlog\link-cvtres.read.1.tlog
c:\users\vanez\onedrive\desktop\vanessa school\cs 330\cs330content\cs330content\projects\5-2_assignment\5-2_assignment\debug\5-2_assignment.tlog\link-cvtres.write.1.tlog
c:\users\vanez\onedrive\desktop\vanessa school\cs 330\cs330content\cs330content\projects\5-2_assignment\5-2_assignment\debug\5-2_assignment.tlog\link-rc.read.1.tlog
c:\users\vanez\onedrive\desktop\vanessa school\cs 330\cs330content\cs330content\projects\5-2_assignment\5-2_assignment\debug\5-2_assignment.tlog\link-rc.write.1.tlog
c:\users\vanez\onedrive\desktop\vanessa school\cs 330\cs330content\cs330content\projects\5-2_assignment\5-2_assignment\debug\5-2_assignment.tlog\link.command.1.tlog
c:\users\vanez\onedrive\desktop\vanessa school\cs 330\cs330content\cs330content\projects\5-2_assignment\5-2_assignment\debug\5-2_assignment.tlog\link.read.1.tlog
c:\users\vanez\onedrive\desktop\vanessa school\cs 330\cs330content\cs330content\projects\5-2_assignment\5-2_assignment\debug\5-2_assignment.tlog\link.secondary.1.tlog
c:\users\vanez\onedrive\desktop\vanessa school\cs 330\cs330content\cs330content\projects\5-2_assignment\5-2_assignment\debug\5-2_assignment.tlog\link.write.1.tlog
