  ShapeMeshes.cpp
C:\Users\vanez\OneDrive\Desktop\Vanessa School\CS 330\CS330Content\CS330Content\3DShapes\ShapeMeshes.cpp(404,59): warning C4305: 'initializing': truncation from 'double' to 'GLfloat'
C:\Users\vanez\OneDrive\Desktop\Vanessa School\CS 330\CS330Content\CS330Content\3DShapes\ShapeMeshes.cpp(406,59): warning C4305: 'initializing': truncation from 'double' to 'GLfloat'
C:\Users\vanez\OneDrive\Desktop\Vanessa School\CS 330\CS330Content\CS330Content\3DShapes\ShapeMeshes.cpp(407,59): warning C4305: 'initializing': truncation from 'double' to 'GLfloat'
C:\Users\vanez\OneDrive\Desktop\Vanessa School\CS 330\CS330Content\CS330Content\3DShapes\ShapeMeshes.cpp(408,59): warning C4305: 'initializing': truncation from 'double' to 'GLfloat'
C:\Users\vanez\OneDrive\Desktop\Vanessa School\CS 330\CS330Content\CS330Content\3DShapes\ShapeMeshes.cpp(409,59): warning C4305: 'initializing': truncation from 'double' to 'GLfloat'
C:\Users\vanez\OneDrive\Desktop\Vanessa School\CS 330\CS330Content\CS330Content\3DShapes\ShapeMeshes.cpp(410,59): warning C4305: 'initializing': truncation from 'double' to 'GLfloat'
C:\Users\vanez\OneDrive\Desktop\Vanessa School\CS 330\CS330Content\CS330Content\3DShapes\ShapeMeshes.cpp(411,59): warning C4305: 'initializing': truncation from 'double' to 'GLfloat'
C:\Users\vanez\OneDrive\Desktop\Vanessa School\CS 330\CS330Content\CS330Content\3DShapes\ShapeMeshes.cpp(412,58): warning C4305: 'initializing': truncation from 'double' to 'GLfloat'
C:\Users\vanez\OneDrive\Desktop\Vanessa School\CS 330\CS330Content\CS330Content\3DShapes\ShapeMeshes.cpp(413,59): warning C4305: 'initializing': truncation from 'double' to 'GLfloat'
C:\Users\vanez\OneDrive\Desktop\Vanessa School\CS 330\CS330Content\CS330Content\3DShapes\ShapeMeshes.cpp(414,58): warning C4305: 'initializing': truncation from 'double' to 'GLfloat'
C:\Users\vanez\OneDrive\Desktop\Vanessa School\CS 330\CS330Content\CS330Content\3DShapes\ShapeMeshes.cpp(415,58): warning C4305: 'initializing': truncation from 'double' to 'GLfloat'
C:\Users\vanez\OneDrive\Desktop\Vanessa School\CS 330\CS330Content\CS330Content\3DShapes\ShapeMeshes.cpp(416,59): warning C4305: 'initializing': truncation from 'double' to 'GLfloat'
C:\Users\vanez\OneDrive\Desktop\Vanessa School\CS 330\CS330Content\CS330Content\3DShapes\ShapeMeshes.cpp(417,58): warning C4305: 'initializing': truncation from 'double' to 'GLfloat'
C:\Users\vanez\OneDrive\Desktop\Vanessa School\CS 330\CS330Content\CS330Content\3DShapes\ShapeMeshes.cpp(418,59): warning C4305: 'initializing': truncation from 'double' to 'GLfloat'
C:\Users\vanez\OneDrive\Desktop\Vanessa School\CS 330\CS330Content\CS330Content\3DShapes\ShapeMeshes.cpp(419,59): warning C4305: 'initializing': truncation from 'double' to 'GLfloat'
C:\Users\vanez\OneDrive\Desktop\Vanessa School\CS 330\CS330Content\CS330Content\3DShapes\ShapeMeshes.cpp(420,59): warning C4305: 'initializing': truncation from 'double' to 'GLfloat'
C:\Users\vanez\OneDrive\Desktop\Vanessa School\CS 330\CS330Content\CS330Content\3DShapes\ShapeMeshes.cpp(421,59): warning C4305: 'initializing': truncation from 'double' to 'GLfloat'
C:\Users\vanez\OneDrive\Desktop\Vanessa School\CS 330\CS330Content\CS330Content\3DShapes\ShapeMeshes.cpp(422,59): warning C4305: 'initializing': truncation from 'double' to 'GLfloat'
C:\Users\vanez\OneDrive\Desktop\Vanessa School\CS 330\CS330Content\CS330Content\3DShapes\ShapeMeshes.cpp(423,59): warning C4305: 'initializing': truncation from 'double' to 'GLfloat'
C:\Users\vanez\OneDrive\Desktop\Vanessa School\CS 330\CS330Content\CS330Content\3DShapes\ShapeMeshes.cpp(424,58): warning C4305: 'initializing': truncation from 'double' to 'GLfloat'
C:\Users\vanez\OneDrive\Desktop\Vanessa School\CS 330\CS330Content\CS330Content\3DShapes\ShapeMeshes.cpp(425,59): warning C4305: 'initializing': truncation from 'double' to 'GLfloat'
C:\Users\vanez\OneDrive\Desktop\Vanessa School\CS 330\CS330Content\CS330Content\3DShapes\ShapeMeshes.cpp(426,58): warning C4305: 'initializing': truncation from 'double' to 'GLfloat'
C:\Users\vanez\OneDrive\Desktop\Vanessa School\CS 330\CS330Content\CS330Content\3DShapes\ShapeMeshes.cpp(427,58): warning C4305: 'initializing': truncation from 'double' to 'GLfloat'
C:\Users\vanez\OneDrive\Desktop\Vanessa School\CS 330\CS330Content\CS330Content\3DShapes\ShapeMeshes.cpp(428,59): warning C4305: 'initializing': truncation from 'double' to 'GLfloat'
C:\Users\vanez\OneDrive\Desktop\Vanessa School\CS 330\CS330Content\CS330Content\3DShapes\ShapeMeshes.cpp(429,58): warning C4305: 'initializing': truncation from 'double' to 'GLfloat'
C:\Users\vanez\OneDrive\Desktop\Vanessa School\CS 330\CS330Content\CS330Content\3DShapes\ShapeMeshes.cpp(430,59): warning C4305: 'initializing': truncation from 'double' to 'GLfloat'
C:\Users\vanez\OneDrive\Desktop\Vanessa School\CS 330\CS330Content\CS330Content\3DShapes\ShapeMeshes.cpp(431,59): warning C4305: 'initializing': truncation from 'double' to 'GLfloat'
C:\Users\vanez\OneDrive\Desktop\Vanessa School\CS 330\CS330Content\CS330Content\3DShapes\ShapeMeshes.cpp(432,59): warning C4305: 'initializing': truncation from 'double' to 'GLfloat'
C:\Users\vanez\OneDrive\Desktop\Vanessa School\CS 330\CS330Content\CS330Content\3DShapes\ShapeMeshes.cpp(433,59): warning C4305: 'initializing': truncation from 'double' to 'GLfloat'
C:\Users\vanez\OneDrive\Desktop\Vanessa School\CS 330\CS330Content\CS330Content\3DShapes\ShapeMeshes.cpp(434,59): warning C4305: 'initializing': truncation from 'double' to 'GLfloat'
C:\Users\vanez\OneDrive\Desktop\Vanessa School\CS 330\CS330Content\CS330Content\3DShapes\ShapeMeshes.cpp(435,59): warning C4305: 'initializing': truncation from 'double' to 'GLfloat'
C:\Users\vanez\OneDrive\Desktop\Vanessa School\CS 330\CS330Content\CS330Content\3DShapes\ShapeMeshes.cpp(436,58): warning C4305: 'initializing': truncation from 'double' to 'GLfloat'
C:\Users\vanez\OneDrive\Desktop\Vanessa School\CS 330\CS330Content\CS330Content\3DShapes\ShapeMeshes.cpp(437,59): warning C4305: 'initializing': truncation from 'double' to 'GLfloat'
C:\Users\vanez\OneDrive\Desktop\Vanessa School\CS 330\CS330Content\CS330Content\3DShapes\ShapeMeshes.cpp(438,58): warning C4305: 'initializing': truncation from 'double' to 'GLfloat'
C:\Users\vanez\OneDrive\Desktop\Vanessa School\CS 330\CS330Content\CS330Content\3DShapes\ShapeMeshes.cpp(439,58): warning C4305: 'initializing': truncation from 'double' to 'GLfloat'
C:\Users\vanez\OneDrive\Desktop\Vanessa School\CS 330\CS330Content\CS330Content\3DShapes\ShapeMeshes.cpp(440,60): warning C4305: 'initializing': truncation from 'double' to 'GLfloat'
C:\Users\vanez\OneDrive\Desktop\Vanessa School\CS 330\CS330Content\CS330Content\3DShapes\ShapeMeshes.cpp(441,59): warning C4305: 'initializing': truncation from 'double' to 'GLfloat'
C:\Users\vanez\OneDrive\Desktop\Vanessa School\CS 330\CS330Content\CS330Content\3DShapes\ShapeMeshes.cpp(442,60): warning C4305: 'initializing': truncation from 'double' to 'GLfloat'
C:\Users\vanez\OneDrive\Desktop\Vanessa School\CS 330\CS330Content\CS330Content\3DShapes\ShapeMeshes.cpp(443,60): warning C4305: 'initializing': truncation from 'double' to 'GLfloat'
C:\Users\vanez\OneDrive\Desktop\Vanessa School\CS 330\CS330Content\CS330Content\3DShapes\ShapeMeshes.cpp(444,60): warning C4305: 'initializing': truncation from 'double' to 'GLfloat'
C:\Users\vanez\OneDrive\Desktop\Vanessa School\CS 330\CS330Content\CS330Content\3DShapes\ShapeMeshes.cpp(445,60): warning C4305: 'initializing': truncation from 'double' to 'GLfloat'
C:\Users\vanez\OneDrive\Desktop\Vanessa School\CS 330\CS330Content\CS330Content\3DShapes\ShapeMeshes.cpp(446,60): warning C4305: 'initializing': truncation from 'double' to 'GLfloat'
C:\Users\vanez\OneDrive\Desktop\Vanessa School\CS 330\CS330Content\CS330Content\3DShapes\ShapeMeshes.cpp(447,60): warning C4305: 'initializing': truncation from 'double' to 'GLfloat'
C:\Users\vanez\OneDrive\Desktop\Vanessa School\CS 330\CS330Content\CS330Content\3DShapes\ShapeMeshes.cpp(448,60): warning C4305: 'initializing': truncation from 'double' to 'GLfloat'
C:\Users\vanez\OneDrive\Desktop\Vanessa School\CS 330\CS330Content\CS330Content\3DShapes\ShapeMeshes.cpp(449,60): warning C4305: 'initializing': truncation from 'double' to 'GLfloat'
C:\Users\vanez\OneDrive\Desktop\Vanessa School\CS 330\CS330Content\CS330Content\3DShapes\ShapeMeshes.cpp(450,60): warning C4305: 'initializing': truncation from 'double' to 'GLfloat'
C:\Users\vanez\OneDrive\Desktop\Vanessa School\CS 330\CS330Content\CS330Content\3DShapes\ShapeMeshes.cpp(451,60): warning C4305: 'initializing': truncation from 'double' to 'GLfloat'
C:\Users\vanez\OneDrive\Desktop\Vanessa School\CS 330\CS330Content\CS330Content\3DShapes\ShapeMeshes.cpp(452,60): warning C4305: 'initializing': truncation from 'double' to 'GLfloat'
C:\Users\vanez\OneDrive\Desktop\Vanessa School\CS 330\CS330Content\CS330Content\3DShapes\ShapeMeshes.cpp(453,60): warning C4305: 'initializing': truncation from 'double' to 'GLfloat'
C:\Users\vanez\OneDrive\Desktop\Vanessa School\CS 330\CS330Content\CS330Content\3DShapes\ShapeMeshes.cpp(454,60): warning C4305: 'initializing': truncation from 'double' to 'GLfloat'
C:\Users\vanez\OneDrive\Desktop\Vanessa School\CS 330\CS330Content\CS330Content\3DShapes\ShapeMeshes.cpp(455,60): warning C4305: 'initializing': truncation from 'double' to 'GLfloat'
C:\Users\vanez\OneDrive\Desktop\Vanessa School\CS 330\CS330Content\CS330Content\3DShapes\ShapeMeshes.cpp(456,60): warning C4305: 'initializing': truncation from 'double' to 'GLfloat'
C:\Users\vanez\OneDrive\Desktop\Vanessa School\CS 330\CS330Content\CS330Content\3DShapes\ShapeMeshes.cpp(457,60): warning C4305: 'initializing': truncation from 'double' to 'GLfloat'
C:\Users\vanez\OneDrive\Desktop\Vanessa School\CS 330\CS330Content\CS330Content\3DShapes\ShapeMeshes.cpp(458,60): warning C4305: 'initializing': truncation from 'double' to 'GLfloat'
C:\Users\vanez\OneDrive\Desktop\Vanessa School\CS 330\CS330Content\CS330Content\3DShapes\ShapeMeshes.cpp(459,60): warning C4305: 'initializing': truncation from 'double' to 'GLfloat'
C:\Users\vanez\OneDrive\Desktop\Vanessa School\CS 330\CS330Content\CS330Content\3DShapes\ShapeMeshes.cpp(460,60): warning C4305: 'initializing': truncation from 'double' to 'GLfloat'
C:\Users\vanez\OneDrive\Desktop\Vanessa School\CS 330\CS330Content\CS330Content\3DShapes\ShapeMeshes.cpp(461,60): warning C4305: 'initializing': truncation from 'double' to 'GLfloat'
C:\Users\vanez\OneDrive\Desktop\Vanessa School\CS 330\CS330Content\CS330Content\3DShapes\ShapeMeshes.cpp(462,60): warning C4305: 'initializing': truncation from 'double' to 'GLfloat'
C:\Users\vanez\OneDrive\Desktop\Vanessa School\CS 330\CS330Content\CS330Content\3DShapes\ShapeMeshes.cpp(463,60): warning C4305: 'initializing': truncation from 'double' to 'GLfloat'
C:\Users\vanez\OneDrive\Desktop\Vanessa School\CS 330\CS330Content\CS330Content\3DShapes\ShapeMeshes.cpp(464,60): warning C4305: 'initializing': truncation from 'double' to 'GLfloat'
C:\Users\vanez\OneDrive\Desktop\Vanessa School\CS 330\CS330Content\CS330Content\3DShapes\ShapeMeshes.cpp(465,60): warning C4305: 'initializing': truncation from 'double' to 'GLfloat'
C:\Users\vanez\OneDrive\Desktop\Vanessa School\CS 330\CS330Content\CS330Content\3DShapes\ShapeMeshes.cpp(466,60): warning C4305: 'initializing': truncation from 'double' to 'GLfloat'
C:\Users\vanez\OneDrive\Desktop\Vanessa School\CS 330\CS330Content\CS330Content\3DShapes\ShapeMeshes.cpp(467,60): warning C4305: 'initializing': truncation from 'double' to 'GLfloat'
C:\Users\vanez\OneDrive\Desktop\Vanessa School\CS 330\CS330Content\CS330Content\3DShapes\ShapeMeshes.cpp(468,60): warning C4305: 'initializing': truncation from 'double' to 'GLfloat'
C:\Users\vanez\OneDrive\Desktop\Vanessa School\CS 330\CS330Content\CS330Content\3DShapes\ShapeMeshes.cpp(469,60): warning C4305: 'initializing': truncation from 'double' to 'GLfloat'
C:\Users\vanez\OneDrive\Desktop\Vanessa School\CS 330\CS330Content\CS330Content\3DShapes\ShapeMeshes.cpp(470,60): warning C4305: 'initializing': truncation from 'double' to 'GLfloat'
C:\Users\vanez\OneDrive\Desktop\Vanessa School\CS 330\CS330Content\CS330Content\3DShapes\ShapeMeshes.cpp(471,60): warning C4305: 'initializing': truncation from 'double' to 'GLfloat'
C:\Users\vanez\OneDrive\Desktop\Vanessa School\CS 330\CS330Content\CS330Content\3DShapes\ShapeMeshes.cpp(472,59): warning C4305: 'initializing': truncation from 'double' to 'GLfloat'
C:\Users\vanez\OneDrive\Desktop\Vanessa School\CS 330\CS330Content\CS330Content\3DShapes\ShapeMeshes.cpp(473,60): warning C4305: 'initializing': truncation from 'double' to 'GLfloat'
C:\Users\vanez\OneDrive\Desktop\Vanessa School\CS 330\CS330Content\CS330Content\3DShapes\ShapeMeshes.cpp(474,59): warning C4305: 'initializing': truncation from 'double' to 'GLfloat'
C:\Users\vanez\OneDrive\Desktop\Vanessa School\CS 330\CS330Content\CS330Content\3DShapes\ShapeMeshes.cpp(475,59): warning C4305: 'initializing': truncation from 'double' to 'GLfloat'
C:\Users\vanez\OneDrive\Desktop\Vanessa School\CS 330\CS330Content\CS330Content\3DShapes\ShapeMeshes.cpp(476,59): warning C4305: 'initializing': truncation from 'double' to 'GLfloat'
C:\Users\vanez\OneDrive\Desktop\Vanessa School\CS 330\CS330Content\CS330Content\3DShapes\ShapeMeshes.cpp(477,58): warning C4305: 'initializing': truncation from 'double' to 'GLfloat'
C:\Users\vanez\OneDrive\Desktop\Vanessa School\CS 330\CS330Content\CS330Content\3DShapes\ShapeMeshes.cpp(478,59): warning C4305: 'initializing': truncation from 'double' to 'GLfloat'
C:\Users\vanez\OneDrive\Desktop\Vanessa School\CS 330\CS330Content\CS330Content\3DShapes\ShapeMeshes.cpp(479,59): warning C4305: 'initializing': truncation from 'double' to 'GLfloat'
C:\Users\vanez\OneDrive\Desktop\Vanessa School\CS 330\CS330Content\CS330Content\3DShapes\ShapeMeshes.cpp(480,59): warning C4305: 'initializing': truncation from 'double' to 'GLfloat'
C:\Users\vanez\OneDrive\Desktop\Vanessa School\CS 330\CS330Content\CS330Content\3DShapes\ShapeMeshes.cpp(481,59): warning C4305: 'initializing': truncation from 'double' to 'GLfloat'
C:\Users\vanez\OneDrive\Desktop\Vanessa School\CS 330\CS330Content\CS330Content\3DShapes\ShapeMeshes.cpp(482,59): warning C4305: 'initializing': truncation from 'double' to 'GLfloat'
C:\Users\vanez\OneDrive\Desktop\Vanessa School\CS 330\CS330Content\CS330Content\3DShapes\ShapeMeshes.cpp(483,59): warning C4305: 'initializing': truncation from 'double' to 'GLfloat'
C:\Users\vanez\OneDrive\Desktop\Vanessa School\CS 330\CS330Content\CS330Content\3DShapes\ShapeMeshes.cpp(484,58): warning C4305: 'initializing': truncation from 'double' to 'GLfloat'
C:\Users\vanez\OneDrive\Desktop\Vanessa School\CS 330\CS330Content\CS330Content\3DShapes\ShapeMeshes.cpp(485,59): warning C4305: 'initializing': truncation from 'double' to 'GLfloat'
C:\Users\vanez\OneDrive\Desktop\Vanessa School\CS 330\CS330Content\CS330Content\3DShapes\ShapeMeshes.cpp(486,58): warning C4305: 'initializing': truncation from 'double' to 'GLfloat'
C:\Users\vanez\OneDrive\Desktop\Vanessa School\CS 330\CS330Content\CS330Content\3DShapes\ShapeMeshes.cpp(487,58): warning C4305: 'initializing': truncation from 'double' to 'GLfloat'
C:\Users\vanez\OneDrive\Desktop\Vanessa School\CS 330\CS330Content\CS330Content\3DShapes\ShapeMeshes.cpp(488,59): warning C4305: 'initializing': truncation from 'double' to 'GLfloat'
C:\Users\vanez\OneDrive\Desktop\Vanessa School\CS 330\CS330Content\CS330Content\3DShapes\ShapeMeshes.cpp(489,58): warning C4305: 'initializing': truncation from 'double' to 'GLfloat'
C:\Users\vanez\OneDrive\Desktop\Vanessa School\CS 330\CS330Content\CS330Content\3DShapes\ShapeMeshes.cpp(490,59): warning C4305: 'initializing': truncation from 'double' to 'GLfloat'
C:\Users\vanez\OneDrive\Desktop\Vanessa School\CS 330\CS330Content\CS330Content\3DShapes\ShapeMeshes.cpp(491,59): warning C4305: 'initializing': truncation from 'double' to 'GLfloat'
C:\Users\vanez\OneDrive\Desktop\Vanessa School\CS 330\CS330Content\CS330Content\3DShapes\ShapeMeshes.cpp(492,59): warning C4305: 'initializing': truncation from 'double' to 'GLfloat'
C:\Users\vanez\OneDrive\Desktop\Vanessa School\CS 330\CS330Content\CS330Content\3DShapes\ShapeMeshes.cpp(493,59): warning C4305: 'initializing': truncation from 'double' to 'GLfloat'
C:\Users\vanez\OneDrive\Desktop\Vanessa School\CS 330\CS330Content\CS330Content\3DShapes\ShapeMeshes.cpp(494,59): warning C4305: 'initializing': truncation from 'double' to 'GLfloat'
C:\Users\vanez\OneDrive\Desktop\Vanessa School\CS 330\CS330Content\CS330Content\3DShapes\ShapeMeshes.cpp(495,59): warning C4305: 'initializing': truncation from 'double' to 'GLfloat'
C:\Users\vanez\OneDrive\Desktop\Vanessa School\CS 330\CS330Content\CS330Content\3DShapes\ShapeMeshes.cpp(496,58): warning C4305: 'initializing': truncation from 'double' to 'GLfloat'
C:\Users\vanez\OneDrive\Desktop\Vanessa School\CS 330\CS330Content\CS330Content\3DShapes\ShapeMeshes.cpp(497,59): warning C4305: 'initializing': truncation from 'double' to 'GLfloat'
C:\Users\vanez\OneDrive\Desktop\Vanessa School\CS 330\CS330Content\CS330Content\3DShapes\ShapeMeshes.cpp(498,58): warning C4305: 'initializing': truncation from 'double' to 'GLfloat'
C:\Users\vanez\OneDrive\Desktop\Vanessa School\CS 330\CS330Content\CS330Content\3DShapes\ShapeMeshes.cpp(499,58): warning C4305: 'initializing': truncation from 'double' to 'GLfloat'
C:\Users\vanez\OneDrive\Desktop\Vanessa School\CS 330\CS330Content\CS330Content\3DShapes\ShapeMeshes.cpp(500,59): warning C4305: 'initializing': truncation from 'double' to 'GLfloat'
C:\Users\vanez\OneDrive\Desktop\Vanessa School\CS 330\CS330Content\CS330Content\3DShapes\ShapeMeshes.cpp(501,58): warning C4305: 'initializing': truncation from 'double' to 'GLfloat'
C:\Users\vanez\OneDrive\Desktop\Vanessa School\CS 330\CS330Content\CS330Content\3DShapes\ShapeMeshes.cpp(502,59): warning C4305: 'initializing': truncation from 'double' to 'GLfloat'
C:\Users\vanez\OneDrive\Desktop\Vanessa School\CS 330\CS330Content\CS330Content\3DShapes\ShapeMeshes.cpp(503,59): warning C4305: 'initializing': truncation from 'double' to 'GLfloat'
C:\Users\vanez\OneDrive\Desktop\Vanessa School\CS 330\CS330Content\CS330Content\3DShapes\ShapeMeshes.cpp(504,59): warning C4305: 'initializing': truncation from 'double' to 'GLfloat'
C:\Users\vanez\OneDrive\Desktop\Vanessa School\CS 330\CS330Content\CS330Content\3DShapes\ShapeMeshes.cpp(505,59): warning C4305: 'initializing': truncation from 'double' to 'GLfloat'
C:\Users\vanez\OneDrive\Desktop\Vanessa School\CS 330\CS330Content\CS330Content\3DShapes\ShapeMeshes.cpp(506,59): warning C4305: 'initializing': truncation from 'double' to 'GLfloat'
C:\Users\vanez\OneDrive\Desktop\Vanessa School\CS 330\CS330Content\CS330Content\3DShapes\ShapeMeshes.cpp(507,59): warning C4305: 'initializing': truncation from 'double' to 'GLfloat'
C:\Users\vanez\OneDrive\Desktop\Vanessa School\CS 330\CS330Content\CS330Content\3DShapes\ShapeMeshes.cpp(508,56): warning C4305: 'initializing': truncation from 'double' to 'GLfloat'
C:\Users\vanez\OneDrive\Desktop\Vanessa School\CS 330\CS330Content\CS330Content\3DShapes\ShapeMeshes.cpp(509,59): warning C4305: 'initializing': truncation from 'double' to 'GLfloat'
C:\Users\vanez\OneDrive\Desktop\Vanessa School\CS 330\CS330Content\CS330Content\3DShapes\ShapeMeshes.cpp(510,56): warning C4305: 'initializing': truncation from 'double' to 'GLfloat'
C:\Users\vanez\OneDrive\Desktop\Vanessa School\CS 330\CS330Content\CS330Content\3DShapes\ShapeMeshes.cpp(511,56): warning C4305: 'initializing': truncation from 'double' to 'GLfloat'
C:\Users\vanez\OneDrive\Desktop\Vanessa School\CS 330\CS330Content\CS330Content\3DShapes\ShapeMeshes.cpp(512,57): warning C4305: 'initializing': truncation from 'double' to 'GLfloat'
C:\Users\vanez\OneDrive\Desktop\Vanessa School\CS 330\CS330Content\CS330Content\3DShapes\ShapeMeshes.cpp(513,56): warning C4305: 'initializing': truncation from 'double' to 'GLfloat'
C:\Users\vanez\OneDrive\Desktop\Vanessa School\CS 330\CS330Content\CS330Content\3DShapes\ShapeMeshes.cpp(514,57): warning C4305: 'initializing': truncation from 'double' to 'GLfloat'
C:\Users\vanez\OneDrive\Desktop\Vanessa School\CS 330\CS330Content\CS330Content\3DShapes\ShapeMeshes.cpp(515,57): warning C4305: 'initializing': truncation from 'double' to 'GLfloat'
C:\Users\vanez\OneDrive\Desktop\Vanessa School\CS 330\CS330Content\CS330Content\3DShapes\ShapeMeshes.cpp(516,57): warning C4305: 'initializing': truncation from 'double' to 'GLfloat'
C:\Users\vanez\OneDrive\Desktop\Vanessa School\CS 330\CS330Content\CS330Content\3DShapes\ShapeMeshes.cpp(517,57): warning C4305: 'initializing': truncation from 'double' to 'GLfloat'
C:\Users\vanez\OneDrive\Desktop\Vanessa School\CS 330\CS330Content\CS330Content\3DShapes\ShapeMeshes.cpp(518,57): warning C4305: 'initializing': truncation from 'double' to 'GLfloat'
C:\Users\vanez\OneDrive\Desktop\Vanessa School\CS 330\CS330Content\CS330Content\3DShapes\ShapeMeshes.cpp(519,57): warning C4305: 'initializing': truncation from 'double' to 'GLfloat'
C:\Users\vanez\OneDrive\Desktop\Vanessa School\CS 330\CS330Content\CS330Content\3DShapes\ShapeMeshes.cpp(520,56): warning C4305: 'initializing': truncation from 'double' to 'GLfloat'
C:\Users\vanez\OneDrive\Desktop\Vanessa School\CS 330\CS330Content\CS330Content\3DShapes\ShapeMeshes.cpp(521,57): warning C4305: 'initializing': truncation from 'double' to 'GLfloat'
C:\Users\vanez\OneDrive\Desktop\Vanessa School\CS 330\CS330Content\CS330Content\3DShapes\ShapeMeshes.cpp(522,56): warning C4305: 'initializing': truncation from 'double' to 'GLfloat'
C:\Users\vanez\OneDrive\Desktop\Vanessa School\CS 330\CS330Content\CS330Content\3DShapes\ShapeMeshes.cpp(523,56): warning C4305: 'initializing': truncation from 'double' to 'GLfloat'
C:\Users\vanez\OneDrive\Desktop\Vanessa School\CS 330\CS330Content\CS330Content\3DShapes\ShapeMeshes.cpp(524,57): warning C4305: 'initializing': truncation from 'double' to 'GLfloat'
C:\Users\vanez\OneDrive\Desktop\Vanessa School\CS 330\CS330Content\CS330Content\3DShapes\ShapeMeshes.cpp(525,56): warning C4305: 'initializing': truncation from 'double' to 'GLfloat'
C:\Users\vanez\OneDrive\Desktop\Vanessa School\CS 330\CS330Content\CS330Content\3DShapes\ShapeMeshes.cpp(526,57): warning C4305: 'initializing': truncation from 'double' to 'GLfloat'
C:\Users\vanez\OneDrive\Desktop\Vanessa School\CS 330\CS330Content\CS330Content\3DShapes\ShapeMeshes.cpp(527,57): warning C4305: 'initializing': truncation from 'double' to 'GLfloat'
C:\Users\vanez\OneDrive\Desktop\Vanessa School\CS 330\CS330Content\CS330Content\3DShapes\ShapeMeshes.cpp(528,57): warning C4305: 'initializing': truncation from 'double' to 'GLfloat'
C:\Users\vanez\OneDrive\Desktop\Vanessa School\CS 330\CS330Content\CS330Content\3DShapes\ShapeMeshes.cpp(529,57): warning C4305: 'initializing': truncation from 'double' to 'GLfloat'
C:\Users\vanez\OneDrive\Desktop\Vanessa School\CS 330\CS330Content\CS330Content\3DShapes\ShapeMeshes.cpp(530,57): warning C4305: 'initializing': truncation from 'double' to 'GLfloat'
C:\Users\vanez\OneDrive\Desktop\Vanessa School\CS 330\CS330Content\CS330Content\3DShapes\ShapeMeshes.cpp(531,57): warning C4305: 'initializing': truncation from 'double' to 'GLfloat'
C:\Users\vanez\OneDrive\Desktop\Vanessa School\CS 330\CS330Content\CS330Content\3DShapes\ShapeMeshes.cpp(532,56): warning C4305: 'initializing': truncation from 'double' to 'GLfloat'
C:\Users\vanez\OneDrive\Desktop\Vanessa School\CS 330\CS330Content\CS330Content\3DShapes\ShapeMeshes.cpp(533,57): warning C4305: 'initializing': truncation from 'double' to 'GLfloat'
C:\Users\vanez\OneDrive\Desktop\Vanessa School\CS 330\CS330Content\CS330Content\3DShapes\ShapeMeshes.cpp(534,56): warning C4305: 'initializing': truncation from 'double' to 'GLfloat'
C:\Users\vanez\OneDrive\Desktop\Vanessa School\CS 330\CS330Content\CS330Content\3DShapes\ShapeMeshes.cpp(535,56): warning C4305: 'initializing': truncation from 'double' to 'GLfloat'
C:\Users\vanez\OneDrive\Desktop\Vanessa School\CS 330\CS330Content\CS330Content\3DShapes\ShapeMeshes.cpp(536,57): warning C4305: 'initializing': truncation from 'double' to 'GLfloat'
C:\Users\vanez\OneDrive\Desktop\Vanessa School\CS 330\CS330Content\CS330Content\3DShapes\ShapeMeshes.cpp(537,56): warning C4305: 'initializing': truncation from 'double' to 'GLfloat'
C:\Users\vanez\OneDrive\Desktop\Vanessa School\CS 330\CS330Content\CS330Content\3DShapes\ShapeMeshes.cpp(538,57): warning C4305: 'initializing': truncation from 'double' to 'GLfloat'
C:\Users\vanez\OneDrive\Desktop\Vanessa School\CS 330\CS330Content\CS330Content\3DShapes\ShapeMeshes.cpp(539,57): warning C4305: 'initializing': truncation from 'double' to 'GLfloat'
C:\Users\vanez\OneDrive\Desktop\Vanessa School\CS 330\CS330Content\CS330Content\3DShapes\ShapeMeshes.cpp(540,57): warning C4305: 'initializing': truncation from 'double' to 'GLfloat'
C:\Users\vanez\OneDrive\Desktop\Vanessa School\CS 330\CS330Content\CS330Content\3DShapes\ShapeMeshes.cpp(541,57): warning C4305: 'initializing': truncation from 'double' to 'GLfloat'
C:\Users\vanez\OneDrive\Desktop\Vanessa School\CS 330\CS330Content\CS330Content\3DShapes\ShapeMeshes.cpp(542,57): warning C4305: 'initializing': truncation from 'double' to 'GLfloat'
C:\Users\vanez\OneDrive\Desktop\Vanessa School\CS 330\CS330Content\CS330Content\3DShapes\ShapeMeshes.cpp(543,57): warning C4305: 'initializing': truncation from 'double' to 'GLfloat'
C:\Users\vanez\OneDrive\Desktop\Vanessa School\CS 330\CS330Content\CS330Content\3DShapes\ShapeMeshes.cpp(545,57): warning C4305: 'initializing': truncation from 'double' to 'GLfloat'
C:\Users\vanez\OneDrive\Desktop\Vanessa School\CS 330\CS330Content\CS330Content\3DShapes\ShapeMeshes.cpp(840,12): warning C4305: 'initializing': truncation from 'double' to 'GLfloat'
C:\Users\vanez\OneDrive\Desktop\Vanessa School\CS 330\CS330Content\CS330Content\3DShapes\ShapeMeshes.cpp(849,13): warning C4305: 'initializing': truncation from 'double' to 'GLfloat'
C:\Users\vanez\OneDrive\Desktop\Vanessa School\CS 330\CS330Content\CS330Content\3DShapes\ShapeMeshes.cpp(977,3): warning C4305: 'initializing': truncation from 'double' to 'GLfloat'
C:\Users\vanez\OneDrive\Desktop\Vanessa School\CS 330\CS330Content\CS330Content\3DShapes\ShapeMeshes.cpp(1092,12): warning C4305: 'initializing': truncation from 'double' to 'GLfloat'
C:\Users\vanez\OneDrive\Desktop\Vanessa School\CS 330\CS330Content\CS330Content\3DShapes\ShapeMeshes.cpp(1101,13): warning C4305: 'initializing': truncation from 'double' to 'GLfloat'
C:\Users\vanez\OneDrive\Desktop\Vanessa School\CS 330\CS330Content\CS330Content\3DShapes\ShapeMeshes.cpp(1666,11): warning C4101: 'v': unreferenced local variable
C:\Users\vanez\OneDrive\Desktop\Vanessa School\CS 330\CS330Content\CS330Content\3DShapes\ShapeMeshes.cpp(1666,8): warning C4101: 'u': unreferenced local variable
C:\Users\vanez\OneDrive\Desktop\Vanessa School\CS 330\CS330Content\CS330Content\3DShapes\ShapeMeshes.cpp(1797,22): warning C4305: 'initializing': truncation from 'double' to 'GLfloat'
C:\Users\vanez\OneDrive\Desktop\Vanessa School\CS 330\CS330Content\CS330Content\3DShapes\ShapeMeshes.cpp(1798,22): warning C4305: 'initializing': truncation from 'double' to 'GLfloat'
C:\Users\vanez\OneDrive\Desktop\Vanessa School\CS 330\CS330Content\CS330Content\3DShapes\ShapeMeshes.cpp(1799,24): warning C4305: 'initializing': truncation from 'double' to 'GLfloat'
C:\Users\vanez\OneDrive\Desktop\Vanessa School\CS 330\CS330Content\CS330Content\3DShapes\ShapeMeshes.cpp(1799,58): warning C4305: 'initializing': truncation from 'double' to 'GLfloat'
C:\Users\vanez\OneDrive\Desktop\Vanessa School\CS 330\CS330Content\CS330Content\3DShapes\ShapeMeshes.cpp(1800,22): warning C4305: 'initializing': truncation from 'double' to 'GLfloat'
C:\Users\vanez\OneDrive\Desktop\Vanessa School\CS 330\CS330Content\CS330Content\3DShapes\ShapeMeshes.cpp(1801,24): warning C4305: 'initializing': truncation from 'double' to 'GLfloat'
C:\Users\vanez\OneDrive\Desktop\Vanessa School\CS 330\CS330Content\CS330Content\3DShapes\ShapeMeshes.cpp(1801,59): warning C4305: 'initializing': truncation from 'double' to 'GLfloat'
C:\Users\vanez\OneDrive\Desktop\Vanessa School\CS 330\CS330Content\CS330Content\3DShapes\ShapeMeshes.cpp(1802,24): warning C4305: 'initializing': truncation from 'double' to 'GLfloat'
C:\Users\vanez\OneDrive\Desktop\Vanessa School\CS 330\CS330Content\CS330Content\3DShapes\ShapeMeshes.cpp(1802,58): warning C4305: 'initializing': truncation from 'double' to 'GLfloat'
C:\Users\vanez\OneDrive\Desktop\Vanessa School\CS 330\CS330Content\CS330Content\3DShapes\ShapeMeshes.cpp(1803,59): warning C4305: 'initializing': truncation from 'double' to 'GLfloat'
C:\Users\vanez\OneDrive\Desktop\Vanessa School\CS 330\CS330Content\CS330Content\3DShapes\ShapeMeshes.cpp(1804,59): warning C4305: 'initializing': truncation from 'double' to 'GLfloat'
C:\Users\vanez\OneDrive\Desktop\Vanessa School\CS 330\CS330Content\CS330Content\3DShapes\ShapeMeshes.cpp(1805,59): warning C4305: 'initializing': truncation from 'double' to 'GLfloat'
C:\Users\vanez\OneDrive\Desktop\Vanessa School\CS 330\CS330Content\CS330Content\3DShapes\ShapeMeshes.cpp(1806,59): warning C4305: 'initializing': truncation from 'double' to 'GLfloat'
C:\Users\vanez\OneDrive\Desktop\Vanessa School\CS 330\CS330Content\CS330Content\3DShapes\ShapeMeshes.cpp(1807,58): warning C4305: 'initializing': truncation from 'double' to 'GLfloat'
C:\Users\vanez\OneDrive\Desktop\Vanessa School\CS 330\CS330Content\CS330Content\3DShapes\ShapeMeshes.cpp(1808,59): warning C4305: 'initializing': truncation from 'double' to 'GLfloat'
C:\Users\vanez\OneDrive\Desktop\Vanessa School\CS 330\CS330Content\CS330Content\3DShapes\ShapeMeshes.cpp(1809,59): warning C4305: 'initializing': truncation from 'double' to 'GLfloat'
C:\Users\vanez\OneDrive\Desktop\Vanessa School\CS 330\CS330Content\CS330Content\3DShapes\ShapeMeshes.cpp(1810,58): warning C4305: 'initializing': truncation from 'double' to 'GLfloat'
C:\Users\vanez\OneDrive\Desktop\Vanessa School\CS 330\CS330Content\CS330Content\3DShapes\ShapeMeshes.cpp(1811,59): warning C4305: 'initializing': truncation from 'double' to 'GLfloat'
C:\Users\vanez\OneDrive\Desktop\Vanessa School\CS 330\CS330Content\CS330Content\3DShapes\ShapeMeshes.cpp(1812,59): warning C4305: 'initializing': truncation from 'double' to 'GLfloat'
C:\Users\vanez\OneDrive\Desktop\Vanessa School\CS 330\CS330Content\CS330Content\3DShapes\ShapeMeshes.cpp(1813,59): warning C4305: 'initializing': truncation from 'double' to 'GLfloat'
C:\Users\vanez\OneDrive\Desktop\Vanessa School\CS 330\CS330Content\CS330Content\3DShapes\ShapeMeshes.cpp(1814,59): warning C4305: 'initializing': truncation from 'double' to 'GLfloat'
C:\Users\vanez\OneDrive\Desktop\Vanessa School\CS 330\CS330Content\CS330Content\3DShapes\ShapeMeshes.cpp(1815,59): warning C4305: 'initializing': truncation from 'double' to 'GLfloat'
C:\Users\vanez\OneDrive\Desktop\Vanessa School\CS 330\CS330Content\CS330Content\3DShapes\ShapeMeshes.cpp(1816,59): warning C4305: 'initializing': truncation from 'double' to 'GLfloat'
C:\Users\vanez\OneDrive\Desktop\Vanessa School\CS 330\CS330Content\CS330Content\3DShapes\ShapeMeshes.cpp(1817,59): warning C4305: 'initializing': truncation from 'double' to 'GLfloat'
C:\Users\vanez\OneDrive\Desktop\Vanessa School\CS 330\CS330Content\CS330Content\3DShapes\ShapeMeshes.cpp(1818,59): warning C4305: 'initializing': truncation from 'double' to 'GLfloat'
C:\Users\vanez\OneDrive\Desktop\Vanessa School\CS 330\CS330Content\CS330Content\3DShapes\ShapeMeshes.cpp(1819,58): warning C4305: 'initializing': truncation from 'double' to 'GLfloat'
C:\Users\vanez\OneDrive\Desktop\Vanessa School\CS 330\CS330Content\CS330Content\3DShapes\ShapeMeshes.cpp(1820,59): warning C4305: 'initializing': truncation from 'double' to 'GLfloat'
C:\Users\vanez\OneDrive\Desktop\Vanessa School\CS 330\CS330Content\CS330Content\3DShapes\ShapeMeshes.cpp(1821,59): warning C4305: 'initializing': truncation from 'double' to 'GLfloat'
C:\Users\vanez\OneDrive\Desktop\Vanessa School\CS 330\CS330Content\CS330Content\3DShapes\ShapeMeshes.cpp(1822,58): warning C4305: 'initializing': truncation from 'double' to 'GLfloat'
C:\Users\vanez\OneDrive\Desktop\Vanessa School\CS 330\CS330Content\CS330Content\3DShapes\ShapeMeshes.cpp(1823,59): warning C4305: 'initializing': truncation from 'double' to 'GLfloat'
C:\Users\vanez\OneDrive\Desktop\Vanessa School\CS 330\CS330Content\CS330Content\3DShapes\ShapeMeshes.cpp(1824,59): warning C4305: 'initializing': truncation from 'double' to 'GLfloat'
C:\Users\vanez\OneDrive\Desktop\Vanessa School\CS 330\CS330Content\CS330Content\3DShapes\ShapeMeshes.cpp(1825,59): warning C4305: 'initializing': truncation from 'double' to 'GLfloat'
C:\Users\vanez\OneDrive\Desktop\Vanessa School\CS 330\CS330Content\CS330Content\3DShapes\ShapeMeshes.cpp(1826,59): warning C4305: 'initializing': truncation from 'double' to 'GLfloat'
C:\Users\vanez\OneDrive\Desktop\Vanessa School\CS 330\CS330Content\CS330Content\3DShapes\ShapeMeshes.cpp(1827,59): warning C4305: 'initializing': truncation from 'double' to 'GLfloat'
C:\Users\vanez\OneDrive\Desktop\Vanessa School\CS 330\CS330Content\CS330Content\3DShapes\ShapeMeshes.cpp(1828,59): warning C4305: 'initializing': truncation from 'double' to 'GLfloat'
C:\Users\vanez\OneDrive\Desktop\Vanessa School\CS 330\CS330Content\CS330Content\3DShapes\ShapeMeshes.cpp(1829,59): warning C4305: 'initializing': truncation from 'double' to 'GLfloat'
C:\Users\vanez\OneDrive\Desktop\Vanessa School\CS 330\CS330Content\CS330Content\3DShapes\ShapeMeshes.cpp(1830,59): warning C4305: 'initializing': truncation from 'double' to 'GLfloat'
C:\Users\vanez\OneDrive\Desktop\Vanessa School\CS 330\CS330Content\CS330Content\3DShapes\ShapeMeshes.cpp(1831,58): warning C4305: 'initializing': truncation from 'double' to 'GLfloat'
C:\Users\vanez\OneDrive\Desktop\Vanessa School\CS 330\CS330Content\CS330Content\3DShapes\ShapeMeshes.cpp(1832,59): warning C4305: 'initializing': truncation from 'double' to 'GLfloat'
C:\Users\vanez\OneDrive\Desktop\Vanessa School\CS 330\CS330Content\CS330Content\3DShapes\ShapeMeshes.cpp(1833,59): warning C4305: 'initializing': truncation from 'double' to 'GLfloat'
C:\Users\vanez\OneDrive\Desktop\Vanessa School\CS 330\CS330Content\CS330Content\3DShapes\ShapeMeshes.cpp(1834,59): warning C4305: 'initializing': truncation from 'double' to 'GLfloat'
C:\Users\vanez\OneDrive\Desktop\Vanessa School\CS 330\CS330Content\CS330Content\3DShapes\ShapeMeshes.cpp(1835,60): warning C4305: 'initializing': truncation from 'double' to 'GLfloat'
C:\Users\vanez\OneDrive\Desktop\Vanessa School\CS 330\CS330Content\CS330Content\3DShapes\ShapeMeshes.cpp(1836,59): warning C4305: 'initializing': truncation from 'double' to 'GLfloat'
C:\Users\vanez\OneDrive\Desktop\Vanessa School\CS 330\CS330Content\CS330Content\3DShapes\ShapeMeshes.cpp(1837,61): warning C4305: 'initializing': truncation from 'double' to 'GLfloat'
C:\Users\vanez\OneDrive\Desktop\Vanessa School\CS 330\CS330Content\CS330Content\3DShapes\ShapeMeshes.cpp(1838,60): warning C4305: 'initializing': truncation from 'double' to 'GLfloat'
C:\Users\vanez\OneDrive\Desktop\Vanessa School\CS 330\CS330Content\CS330Content\3DShapes\ShapeMeshes.cpp(1839,60): warning C4305: 'initializing': truncation from 'double' to 'GLfloat'
C:\Users\vanez\OneDrive\Desktop\Vanessa School\CS 330\CS330Content\CS330Content\3DShapes\ShapeMeshes.cpp(1840,61): warning C4305: 'initializing': truncation from 'double' to 'GLfloat'
C:\Users\vanez\OneDrive\Desktop\Vanessa School\CS 330\CS330Content\CS330Content\3DShapes\ShapeMeshes.cpp(1841,60): warning C4305: 'initializing': truncation from 'double' to 'GLfloat'
C:\Users\vanez\OneDrive\Desktop\Vanessa School\CS 330\CS330Content\CS330Content\3DShapes\ShapeMeshes.cpp(1842,60): warning C4305: 'initializing': truncation from 'double' to 'GLfloat'
C:\Users\vanez\OneDrive\Desktop\Vanessa School\CS 330\CS330Content\CS330Content\3DShapes\ShapeMeshes.cpp(1843,60): warning C4305: 'initializing': truncation from 'double' to 'GLfloat'
C:\Users\vanez\OneDrive\Desktop\Vanessa School\CS 330\CS330Content\CS330Content\3DShapes\ShapeMeshes.cpp(1844,60): warning C4305: 'initializing': truncation from 'double' to 'GLfloat'
C:\Users\vanez\OneDrive\Desktop\Vanessa School\CS 330\CS330Content\CS330Content\3DShapes\ShapeMeshes.cpp(1845,61): warning C4305: 'initializing': truncation from 'double' to 'GLfloat'
C:\Users\vanez\OneDrive\Desktop\Vanessa School\CS 330\CS330Content\CS330Content\3DShapes\ShapeMeshes.cpp(1846,60): warning C4305: 'initializing': truncation from 'double' to 'GLfloat'
C:\Users\vanez\OneDrive\Desktop\Vanessa School\CS 330\CS330Content\CS330Content\3DShapes\ShapeMeshes.cpp(1847,60): warning C4305: 'initializing': truncation from 'double' to 'GLfloat'
C:\Users\vanez\OneDrive\Desktop\Vanessa School\CS 330\CS330Content\CS330Content\3DShapes\ShapeMeshes.cpp(1848,61): warning C4305: 'initializing': truncation from 'double' to 'GLfloat'
C:\Users\vanez\OneDrive\Desktop\Vanessa School\CS 330\CS330Content\CS330Content\3DShapes\ShapeMeshes.cpp(1849,61): warning C4305: 'initializing': truncation from 'double' to 'GLfloat'
C:\Users\vanez\OneDrive\Desktop\Vanessa School\CS 330\CS330Content\CS330Content\3DShapes\ShapeMeshes.cpp(1850,60): warning C4305: 'initializing': truncation from 'double' to 'GLfloat'
C:\Users\vanez\OneDrive\Desktop\Vanessa School\CS 330\CS330Content\CS330Content\3DShapes\ShapeMeshes.cpp(1851,60): warning C4305: 'initializing': truncation from 'double' to 'GLfloat'
C:\Users\vanez\OneDrive\Desktop\Vanessa School\CS 330\CS330Content\CS330Content\3DShapes\ShapeMeshes.cpp(1852,61): warning C4305: 'initializing': truncation from 'double' to 'GLfloat'
C:\Users\vanez\OneDrive\Desktop\Vanessa School\CS 330\CS330Content\CS330Content\3DShapes\ShapeMeshes.cpp(1853,61): warning C4305: 'initializing': truncation from 'double' to 'GLfloat'
C:\Users\vanez\OneDrive\Desktop\Vanessa School\CS 330\CS330Content\CS330Content\3DShapes\ShapeMeshes.cpp(1854,60): warning C4305: 'initializing': truncation from 'double' to 'GLfloat'
C:\Users\vanez\OneDrive\Desktop\Vanessa School\CS 330\CS330Content\CS330Content\3DShapes\ShapeMeshes.cpp(1855,60): warning C4305: 'initializing': truncation from 'double' to 'GLfloat'
C:\Users\vanez\OneDrive\Desktop\Vanessa School\CS 330\CS330Content\CS330Content\3DShapes\ShapeMeshes.cpp(1856,61): warning C4305: 'initializing': truncation from 'double' to 'GLfloat'
C:\Users\vanez\OneDrive\Desktop\Vanessa School\CS 330\CS330Content\CS330Content\3DShapes\ShapeMeshes.cpp(1857,61): warning C4305: 'initializing': truncation from 'double' to 'GLfloat'
C:\Users\vanez\OneDrive\Desktop\Vanessa School\CS 330\CS330Content\CS330Content\3DShapes\ShapeMeshes.cpp(1858,60): warning C4305: 'initializing': truncation from 'double' to 'GLfloat'
C:\Users\vanez\OneDrive\Desktop\Vanessa School\CS 330\CS330Content\CS330Content\3DShapes\ShapeMeshes.cpp(1859,60): warning C4305: 'initializing': truncation from 'double' to 'GLfloat'
C:\Users\vanez\OneDrive\Desktop\Vanessa School\CS 330\CS330Content\CS330Content\3DShapes\ShapeMeshes.cpp(1860,61): warning C4305: 'initializing': truncation from 'double' to 'GLfloat'
C:\Users\vanez\OneDrive\Desktop\Vanessa School\CS 330\CS330Content\CS330Content\3DShapes\ShapeMeshes.cpp(1861,60): warning C4305: 'initializing': truncation from 'double' to 'GLfloat'
C:\Users\vanez\OneDrive\Desktop\Vanessa School\CS 330\CS330Content\CS330Content\3DShapes\ShapeMeshes.cpp(1862,60): warning C4305: 'initializing': truncation from 'double' to 'GLfloat'
C:\Users\vanez\OneDrive\Desktop\Vanessa School\CS 330\CS330Content\CS330Content\3DShapes\ShapeMeshes.cpp(1863,60): warning C4305: 'initializing': truncation from 'double' to 'GLfloat'
C:\Users\vanez\OneDrive\Desktop\Vanessa School\CS 330\CS330Content\CS330Content\3DShapes\ShapeMeshes.cpp(1864,60): warning C4305: 'initializing': truncation from 'double' to 'GLfloat'
C:\Users\vanez\OneDrive\Desktop\Vanessa School\CS 330\CS330Content\CS330Content\3DShapes\ShapeMeshes.cpp(1865,61): warning C4305: 'initializing': truncation from 'double' to 'GLfloat'
C:\Users\vanez\OneDrive\Desktop\Vanessa School\CS 330\CS330Content\CS330Content\3DShapes\ShapeMeshes.cpp(1866,60): warning C4305: 'initializing': truncation from 'double' to 'GLfloat'
C:\Users\vanez\OneDrive\Desktop\Vanessa School\CS 330\CS330Content\CS330Content\3DShapes\ShapeMeshes.cpp(1867,59): warning C4305: 'initializing': truncation from 'double' to 'GLfloat'
C:\Users\vanez\OneDrive\Desktop\Vanessa School\CS 330\CS330Content\CS330Content\3DShapes\ShapeMeshes.cpp(1868,61): warning C4305: 'initializing': truncation from 'double' to 'GLfloat'
C:\Users\vanez\OneDrive\Desktop\Vanessa School\CS 330\CS330Content\CS330Content\3DShapes\ShapeMeshes.cpp(1869,59): warning C4305: 'initializing': truncation from 'double' to 'GLfloat'
C:\Users\vanez\OneDrive\Desktop\Vanessa School\CS 330\CS330Content\CS330Content\3DShapes\ShapeMeshes.cpp(1870,59): warning C4305: 'initializing': truncation from 'double' to 'GLfloat'
C:\Users\vanez\OneDrive\Desktop\Vanessa School\CS 330\CS330Content\CS330Content\3DShapes\ShapeMeshes.cpp(1871,59): warning C4305: 'initializing': truncation from 'double' to 'GLfloat'
C:\Users\vanez\OneDrive\Desktop\Vanessa School\CS 330\CS330Content\CS330Content\3DShapes\ShapeMeshes.cpp(1872,58): warning C4305: 'initializing': truncation from 'double' to 'GLfloat'
C:\Users\vanez\OneDrive\Desktop\Vanessa School\CS 330\CS330Content\CS330Content\3DShapes\ShapeMeshes.cpp(1873,59): warning C4305: 'initializing': truncation from 'double' to 'GLfloat'
C:\Users\vanez\OneDrive\Desktop\Vanessa School\CS 330\CS330Content\CS330Content\3DShapes\ShapeMeshes.cpp(1874,59): warning C4305: 'initializing': truncation from 'double' to 'GLfloat'
C:\Users\vanez\OneDrive\Desktop\Vanessa School\CS 330\CS330Content\CS330Content\3DShapes\ShapeMeshes.cpp(1875,59): warning C4305: 'initializing': truncation from 'double' to 'GLfloat'
C:\Users\vanez\OneDrive\Desktop\Vanessa School\CS 330\CS330Content\CS330Content\3DShapes\ShapeMeshes.cpp(1876,59): warning C4305: 'initializing': truncation from 'double' to 'GLfloat'
C:\Users\vanez\OneDrive\Desktop\Vanessa School\CS 330\CS330Content\CS330Content\3DShapes\ShapeMeshes.cpp(1877,59): warning C4305: 'initializing': truncation from 'double' to 'GLfloat'
C:\Users\vanez\OneDrive\Desktop\Vanessa School\CS 330\CS330Content\CS330Content\3DShapes\ShapeMeshes.cpp(1878,59): warning C4305: 'initializing': truncation from 'double' to 'GLfloat'
C:\Users\vanez\OneDrive\Desktop\Vanessa School\CS 330\CS330Content\CS330Content\3DShapes\ShapeMeshes.cpp(1879,58): warning C4305: 'initializing': truncation from 'double' to 'GLfloat'
C:\Users\vanez\OneDrive\Desktop\Vanessa School\CS 330\CS330Content\CS330Content\3DShapes\ShapeMeshes.cpp(1880,59): warning C4305: 'initializing': truncation from 'double' to 'GLfloat'
C:\Users\vanez\OneDrive\Desktop\Vanessa School\CS 330\CS330Content\CS330Content\3DShapes\ShapeMeshes.cpp(1881,59): warning C4305: 'initializing': truncation from 'double' to 'GLfloat'
C:\Users\vanez\OneDrive\Desktop\Vanessa School\CS 330\CS330Content\CS330Content\3DShapes\ShapeMeshes.cpp(1882,58): warning C4305: 'initializing': truncation from 'double' to 'GLfloat'
C:\Users\vanez\OneDrive\Desktop\Vanessa School\CS 330\CS330Content\CS330Content\3DShapes\ShapeMeshes.cpp(1883,59): warning C4305: 'initializing': truncation from 'double' to 'GLfloat'
C:\Users\vanez\OneDrive\Desktop\Vanessa School\CS 330\CS330Content\CS330Content\3DShapes\ShapeMeshes.cpp(1884,59): warning C4305: 'initializing': truncation from 'double' to 'GLfloat'
C:\Users\vanez\OneDrive\Desktop\Vanessa School\CS 330\CS330Content\CS330Content\3DShapes\ShapeMeshes.cpp(1885,59): warning C4305: 'initializing': truncation from 'double' to 'GLfloat'
C:\Users\vanez\OneDrive\Desktop\Vanessa School\CS 330\CS330Content\CS330Content\3DShapes\ShapeMeshes.cpp(1886,59): warning C4305: 'initializing': truncation from 'double' to 'GLfloat'
C:\Users\vanez\OneDrive\Desktop\Vanessa School\CS 330\CS330Content\CS330Content\3DShapes\ShapeMeshes.cpp(1887,59): warning C4305: 'initializing': truncation from 'double' to 'GLfloat'
C:\Users\vanez\OneDrive\Desktop\Vanessa School\CS 330\CS330Content\CS330Content\3DShapes\ShapeMeshes.cpp(1888,59): warning C4305: 'initializing': truncation from 'double' to 'GLfloat'
C:\Users\vanez\OneDrive\Desktop\Vanessa School\CS 330\CS330Content\CS330Content\3DShapes\ShapeMeshes.cpp(1889,59): warning C4305: 'initializing': truncation from 'double' to 'GLfloat'
C:\Users\vanez\OneDrive\Desktop\Vanessa School\CS 330\CS330Content\CS330Content\3DShapes\ShapeMeshes.cpp(1890,59): warning C4305: 'initializing': truncation from 'double' to 'GLfloat'
C:\Users\vanez\OneDrive\Desktop\Vanessa School\CS 330\CS330Content\CS330Content\3DShapes\ShapeMeshes.cpp(1891,58): warning C4305: 'initializing': truncation from 'double' to 'GLfloat'
C:\Users\vanez\OneDrive\Desktop\Vanessa School\CS 330\CS330Content\CS330Content\3DShapes\ShapeMeshes.cpp(1892,59): warning C4305: 'initializing': truncation from 'double' to 'GLfloat'
C:\Users\vanez\OneDrive\Desktop\Vanessa School\CS 330\CS330Content\CS330Content\3DShapes\ShapeMeshes.cpp(1893,59): warning C4305: 'initializing': truncation from 'double' to 'GLfloat'
C:\Users\vanez\OneDrive\Desktop\Vanessa School\CS 330\CS330Content\CS330Content\3DShapes\ShapeMeshes.cpp(1894,58): warning C4305: 'initializing': truncation from 'double' to 'GLfloat'
C:\Users\vanez\OneDrive\Desktop\Vanessa School\CS 330\CS330Content\CS330Content\3DShapes\ShapeMeshes.cpp(1895,59): warning C4305: 'initializing': truncation from 'double' to 'GLfloat'
C:\Users\vanez\OneDrive\Desktop\Vanessa School\CS 330\CS330Content\CS330Content\3DShapes\ShapeMeshes.cpp(1896,59): warning C4305: 'initializing': truncation from 'double' to 'GLfloat'
C:\Users\vanez\OneDrive\Desktop\Vanessa School\CS 330\CS330Content\CS330Content\3DShapes\ShapeMeshes.cpp(1897,59): warning C4305: 'initializing': truncation from 'double' to 'GLfloat'
C:\Users\vanez\OneDrive\Desktop\Vanessa School\CS 330\CS330Content\CS330Content\3DShapes\ShapeMeshes.cpp(1898,59): warning C4305: 'initializing': truncation from 'double' to 'GLfloat'
C:\Users\vanez\OneDrive\Desktop\Vanessa School\CS 330\CS330Content\CS330Content\3DShapes\ShapeMeshes.cpp(1899,59): warning C4305: 'initializing': truncation from 'double' to 'GLfloat'
C:\Users\vanez\OneDrive\Desktop\Vanessa School\CS 330\CS330Content\CS330Content\3DShapes\ShapeMeshes.cpp(1900,59): warning C4305: 'initializing': truncation from 'double' to 'GLfloat'
C:\Users\vanez\OneDrive\Desktop\Vanessa School\CS 330\CS330Content\CS330Content\3DShapes\ShapeMeshes.cpp(1901,59): warning C4305: 'initializing': truncation from 'double' to 'GLfloat'
C:\Users\vanez\OneDrive\Desktop\Vanessa School\CS 330\CS330Content\CS330Content\3DShapes\ShapeMeshes.cpp(1902,59): warning C4305: 'initializing': truncation from 'double' to 'GLfloat'
C:\Users\vanez\OneDrive\Desktop\Vanessa School\CS 330\CS330Content\CS330Content\3DShapes\ShapeMeshes.cpp(1903,57): warning C4305: 'initializing': truncation from 'double' to 'GLfloat'
C:\Users\vanez\OneDrive\Desktop\Vanessa School\CS 330\CS330Content\CS330Content\3DShapes\ShapeMeshes.cpp(1904,59): warning C4305: 'initializing': truncation from 'double' to 'GLfloat'
C:\Users\vanez\OneDrive\Desktop\Vanessa School\CS 330\CS330Content\CS330Content\3DShapes\ShapeMeshes.cpp(1905,57): warning C4305: 'initializing': truncation from 'double' to 'GLfloat'
C:\Users\vanez\OneDrive\Desktop\Vanessa School\CS 330\CS330Content\CS330Content\3DShapes\ShapeMeshes.cpp(1906,57): warning C4305: 'initializing': truncation from 'double' to 'GLfloat'
C:\Users\vanez\OneDrive\Desktop\Vanessa School\CS 330\CS330Content\CS330Content\3DShapes\ShapeMeshes.cpp(1907,57): warning C4305: 'initializing': truncation from 'double' to 'GLfloat'
C:\Users\vanez\OneDrive\Desktop\Vanessa School\CS 330\CS330Content\CS330Content\3DShapes\ShapeMeshes.cpp(1908,56): warning C4305: 'initializing': truncation from 'double' to 'GLfloat'
C:\Users\vanez\OneDrive\Desktop\Vanessa School\CS 330\CS330Content\CS330Content\3DShapes\ShapeMeshes.cpp(1909,58): warning C4305: 'initializing': truncation from 'double' to 'GLfloat'
C:\Users\vanez\OneDrive\Desktop\Vanessa School\CS 330\CS330Content\CS330Content\3DShapes\ShapeMeshes.cpp(1910,57): warning C4305: 'initializing': truncation from 'double' to 'GLfloat'
C:\Users\vanez\OneDrive\Desktop\Vanessa School\CS 330\CS330Content\CS330Content\3DShapes\ShapeMeshes.cpp(1911,57): warning C4305: 'initializing': truncation from 'double' to 'GLfloat'
C:\Users\vanez\OneDrive\Desktop\Vanessa School\CS 330\CS330Content\CS330Content\3DShapes\ShapeMeshes.cpp(1912,58): warning C4305: 'initializing': truncation from 'double' to 'GLfloat'
C:\Users\vanez\OneDrive\Desktop\Vanessa School\CS 330\CS330Content\CS330Content\3DShapes\ShapeMeshes.cpp(1913,57): warning C4305: 'initializing': truncation from 'double' to 'GLfloat'
C:\Users\vanez\OneDrive\Desktop\Vanessa School\CS 330\CS330Content\CS330Content\3DShapes\ShapeMeshes.cpp(1914,57): warning C4305: 'initializing': truncation from 'double' to 'GLfloat'
C:\Users\vanez\OneDrive\Desktop\Vanessa School\CS 330\CS330Content\CS330Content\3DShapes\ShapeMeshes.cpp(1915,56): warning C4305: 'initializing': truncation from 'double' to 'GLfloat'
C:\Users\vanez\OneDrive\Desktop\Vanessa School\CS 330\CS330Content\CS330Content\3DShapes\ShapeMeshes.cpp(1916,57): warning C4305: 'initializing': truncation from 'double' to 'GLfloat'
C:\Users\vanez\OneDrive\Desktop\Vanessa School\CS 330\CS330Content\CS330Content\3DShapes\ShapeMeshes.cpp(1917,58): warning C4305: 'initializing': truncation from 'double' to 'GLfloat'
C:\Users\vanez\OneDrive\Desktop\Vanessa School\CS 330\CS330Content\CS330Content\3DShapes\ShapeMeshes.cpp(1918,56): warning C4305: 'initializing': truncation from 'double' to 'GLfloat'
C:\Users\vanez\OneDrive\Desktop\Vanessa School\CS 330\CS330Content\CS330Content\3DShapes\ShapeMeshes.cpp(1919,57): warning C4305: 'initializing': truncation from 'double' to 'GLfloat'
C:\Users\vanez\OneDrive\Desktop\Vanessa School\CS 330\CS330Content\CS330Content\3DShapes\ShapeMeshes.cpp(1920,58): warning C4305: 'initializing': truncation from 'double' to 'GLfloat'
C:\Users\vanez\OneDrive\Desktop\Vanessa School\CS 330\CS330Content\CS330Content\3DShapes\ShapeMeshes.cpp(1921,58): warning C4305: 'initializing': truncation from 'double' to 'GLfloat'
C:\Users\vanez\OneDrive\Desktop\Vanessa School\CS 330\CS330Content\CS330Content\3DShapes\ShapeMeshes.cpp(1922,57): warning C4305: 'initializing': truncation from 'double' to 'GLfloat'
C:\Users\vanez\OneDrive\Desktop\Vanessa School\CS 330\CS330Content\CS330Content\3DShapes\ShapeMeshes.cpp(1923,57): warning C4305: 'initializing': truncation from 'double' to 'GLfloat'
C:\Users\vanez\OneDrive\Desktop\Vanessa School\CS 330\CS330Content\CS330Content\3DShapes\ShapeMeshes.cpp(1924,58): warning C4305: 'initializing': truncation from 'double' to 'GLfloat'
C:\Users\vanez\OneDrive\Desktop\Vanessa School\CS 330\CS330Content\CS330Content\3DShapes\ShapeMeshes.cpp(1925,58): warning C4305: 'initializing': truncation from 'double' to 'GLfloat'
C:\Users\vanez\OneDrive\Desktop\Vanessa School\CS 330\CS330Content\CS330Content\3DShapes\ShapeMeshes.cpp(1926,57): warning C4305: 'initializing': truncation from 'double' to 'GLfloat'
C:\Users\vanez\OneDrive\Desktop\Vanessa School\CS 330\CS330Content\CS330Content\3DShapes\ShapeMeshes.cpp(1927,56): warning C4305: 'initializing': truncation from 'double' to 'GLfloat'
C:\Users\vanez\OneDrive\Desktop\Vanessa School\CS 330\CS330Content\CS330Content\3DShapes\ShapeMeshes.cpp(1928,58): warning C4305: 'initializing': truncation from 'double' to 'GLfloat'
C:\Users\vanez\OneDrive\Desktop\Vanessa School\CS 330\CS330Content\CS330Content\3DShapes\ShapeMeshes.cpp(1929,58): warning C4305: 'initializing': truncation from 'double' to 'GLfloat'
C:\Users\vanez\OneDrive\Desktop\Vanessa School\CS 330\CS330Content\CS330Content\3DShapes\ShapeMeshes.cpp(1930,56): warning C4305: 'initializing': truncation from 'double' to 'GLfloat'
C:\Users\vanez\OneDrive\Desktop\Vanessa School\CS 330\CS330Content\CS330Content\3DShapes\ShapeMeshes.cpp(1931,57): warning C4305: 'initializing': truncation from 'double' to 'GLfloat'
C:\Users\vanez\OneDrive\Desktop\Vanessa School\CS 330\CS330Content\CS330Content\3DShapes\ShapeMeshes.cpp(1932,58): warning C4305: 'initializing': truncation from 'double' to 'GLfloat'
C:\Users\vanez\OneDrive\Desktop\Vanessa School\CS 330\CS330Content\CS330Content\3DShapes\ShapeMeshes.cpp(1933,57): warning C4305: 'initializing': truncation from 'double' to 'GLfloat'
C:\Users\vanez\OneDrive\Desktop\Vanessa School\CS 330\CS330Content\CS330Content\3DShapes\ShapeMeshes.cpp(1934,57): warning C4305: 'initializing': truncation from 'double' to 'GLfloat'
C:\Users\vanez\OneDrive\Desktop\Vanessa School\CS 330\CS330Content\CS330Content\3DShapes\ShapeMeshes.cpp(1935,57): warning C4305: 'initializing': truncation from 'double' to 'GLfloat'
C:\Users\vanez\OneDrive\Desktop\Vanessa School\CS 330\CS330Content\CS330Content\3DShapes\ShapeMeshes.cpp(1936,57): warning C4305: 'initializing': truncation from 'double' to 'GLfloat'
C:\Users\vanez\OneDrive\Desktop\Vanessa School\CS 330\CS330Content\CS330Content\3DShapes\ShapeMeshes.cpp(1937,58): warning C4305: 'initializing': truncation from 'double' to 'GLfloat'
C:\Users\vanez\OneDrive\Desktop\Vanessa School\CS 330\CS330Content\CS330Content\3DShapes\ShapeMeshes.cpp(1938,57): warning C4305: 'initializing': truncation from 'double' to 'GLfloat'
C:\Users\vanez\OneDrive\Desktop\Vanessa School\CS 330\CS330Content\CS330Content\3DShapes\ShapeMeshes.cpp(1940,58): warning C4305: 'initializing': truncation from 'double' to 'GLfloat'
C:\Users\vanez\OneDrive\Desktop\Vanessa School\CS 330\CS330Content\CS330Content\3DShapes\ShapeMeshes.cpp(2032,23): warning C4244: 'initializing': conversion from 'double' to 'float', possible loss of data
C:\Users\vanez\OneDrive\Desktop\Vanessa School\CS 330\CS330Content\CS330Content\3DShapes\ShapeMeshes.cpp(2033,21): warning C4244: 'initializing': conversion from 'double' to 'float', possible loss of data
C:\Users\vanez\OneDrive\Desktop\Vanessa School\CS 330\CS330Content\CS330Content\3DShapes\ShapeMeshes.cpp(2123,20): warning C4018: '<': signed/unsigned mismatch
  ShaderManager.cpp
  MainCode.cpp
  SceneManager.cpp
  ViewManager.cpp
C:\Users\vanez\OneDrive\Desktop\Vanessa School\CS 330\CS330Content\CS330Content\Projects\3-2_Assignment\Source\ViewManager.cpp(151,21): warning C4244: 'initializing': conversion from 'double' to 'float', possible loss of data
  Generating code
  Previous IPDB not found, fall back to full compilation.
  All 405 functions were compiled because no usable IPDB/IOBJ from previous compilation was found.
  Finished generating code
  3-2_Assignment.vcxproj -> C:\Users\vanez\OneDrive\Desktop\Vanessa School\CS 330\CS330Content\CS330Content\Projects\3-2_Assignment\Release\3-2_Assignment.exe
